android/app/build/intermediates/manifest_merge_blame_file/debug/manifest-merger-blame-debug-report.txt
1<?xml version="1.0" encoding="utf-8"?>
2<manifest xmlns:android="http://schemas.android.com/apk/res/android"
3    package="com.felixpro"
4    android:versionCode="7"
5    android:versionName="1.0.3" >
6
7    <uses-sdk
8        android:minSdkVersion="20"
8-->src\main\AndroidManifest.xml
9        android:targetSdkVersion="28" />
9-->src\main\AndroidManifest.xml
10
11    <uses-permission android:name="android.permission.INTERNET" />
11-->src\main\AndroidManifest.xml:4:5-67
11-->src\main\AndroidManifest.xml:4:22-64
12    <uses-permission android:name="android.permission.SYSTEM_ALERT_WINDOW" />
12-->src\main\AndroidManifest.xml:5:5-77
12-->src\main\AndroidManifest.xml:5:22-75
13    <uses-permission android:name="android.permission.ACCESS_COARSE_LOCATION" /> <!-- Include required permissions for Google Maps API to run. -->
13-->[:react-native-maps] AndroidManifest.xml:10:5-81
13-->[:react-native-maps] AndroidManifest.xml:10:22-78
14    <uses-permission android:name="android.permission.ACCESS_NETWORK_STATE" />
14-->[com.google.android.gms:play-services-maps:16.1.0] AndroidManifest.xml:23:5-79
14-->[com.google.android.gms:play-services-maps:16.1.0] AndroidManifest.xml:23:22-76
15
16    <uses-feature
16-->[com.google.android.gms:play-services-maps:16.1.0] AndroidManifest.xml:26:5-28:35
17        android:glEsVersion="0x00020000"
17-->[com.google.android.gms:play-services-maps:16.1.0] AndroidManifest.xml:27:9-41
18        android:required="true" /> <!-- Required by older versions of Google Play services to create GCM registration tokens -->
18-->[com.google.android.gms:play-services-maps:16.1.0] AndroidManifest.xml:28:9-32
19    <uses-permission android:name="com.google.android.c2dm.permission.RECEIVE" />
19-->[com.google.android.gms:play-services-gcm:16.1.0] AndroidManifest.xml:23:5-82
19-->[com.google.android.gms:play-services-gcm:16.1.0] AndroidManifest.xml:23:22-79
20
21    <application
21-->src\main\AndroidManifest.xml:7:5-28:19
22        android:name="com.felixpro.MainApplication"
22-->src\main\AndroidManifest.xml:8:7-38
23        android:allowBackup="false"
23-->src\main\AndroidManifest.xml:11:7-34
24        android:appComponentFactory="androidx.core.app.CoreComponentFactory"
24-->[androidx.core:core:1.0.1] AndroidManifest.xml:22:18-86
25        android:debuggable="true"
26        android:icon="@mipmap/ic_launcher"
26-->src\main\AndroidManifest.xml:10:7-41
27        android:label="@string/app_name"
27-->src\main\AndroidManifest.xml:9:7-39
28        android:theme="@style/AppTheme"
28-->src\main\AndroidManifest.xml:13:7-38
29        android:usesCleartextTraffic="true" >
29-->src\main\AndroidManifest.xml:12:7-42
30        <meta-data
30-->src\main\AndroidManifest.xml:14:7-16:64
31            android:name="com.google.android.geo.API_KEY"
31-->src\main\AndroidManifest.xml:15:7-52
32            android:value="AIzaSyDgdfbt2kBGOTm-Y6ESIC-D6uLhcshrHfo" />
32-->src\main\AndroidManifest.xml:16:7-62
33
34        <activity
34-->src\main\AndroidManifest.xml:17:7-26:18
35            android:name="com.felixpro.MainActivity"
35-->src\main\AndroidManifest.xml:18:9-37
36            android:configChanges="keyboard|keyboardHidden|orientation|screenSize"
36-->src\main\AndroidManifest.xml:20:9-79
37            android:label="@string/app_name"
37-->src\main\AndroidManifest.xml:19:9-41
38            android:windowSoftInputMode="adjustResize" >
38-->src\main\AndroidManifest.xml:21:9-51
39            <intent-filter>
39-->src\main\AndroidManifest.xml:22:9-25:25
40                <action android:name="android.intent.action.MAIN" />
40-->src\main\AndroidManifest.xml:23:13-65
40-->src\main\AndroidManifest.xml:23:21-62
41
42                <category android:name="android.intent.category.LAUNCHER" />
42-->src\main\AndroidManifest.xml:24:13-73
42-->src\main\AndroidManifest.xml:24:23-70
43            </intent-filter>
44        </activity>
45        <activity android:name="com.facebook.react.devsupport.DevSettingsActivity" />
45-->src\main\AndroidManifest.xml:27:7-84
45-->src\main\AndroidManifest.xml:27:17-81
46
47        <receiver
47-->[:react-native-device-info] AndroidManifest.xml:12:9-19:20
48            android:name="com.learnium.RNDeviceInfo.RNDeviceReceiver"
48-->[:react-native-device-info] AndroidManifest.xml:13:13-70
49            android:enabled="true"
49-->[:react-native-device-info] AndroidManifest.xml:14:13-35
50            android:exported="true" >
50-->[:react-native-device-info] AndroidManifest.xml:15:13-36
51            <intent-filter>
51-->[:react-native-device-info] AndroidManifest.xml:16:13-18:29
52                <action android:name="com.android.vending.INSTALL_REFERRER" />
52-->[:react-native-device-info] AndroidManifest.xml:17:17-79
52-->[:react-native-device-info] AndroidManifest.xml:17:25-76
53            </intent-filter>
54        </receiver> <!-- Needs to be explicitly declared on P+ -->
55        <uses-library
55-->[com.google.android.gms:play-services-maps:16.1.0] AndroidManifest.xml:33:9-35:40
56            android:name="org.apache.http.legacy"
56-->[com.google.android.gms:play-services-maps:16.1.0] AndroidManifest.xml:34:13-50
57            android:required="false" />
57-->[com.google.android.gms:play-services-maps:16.1.0] AndroidManifest.xml:35:13-37
58
59        <activity
59-->[com.google.android.gms:play-services-base:16.1.0] AndroidManifest.xml:23:9-26:75
60            android:name="com.google.android.gms.common.api.GoogleApiActivity"
60-->[com.google.android.gms:play-services-base:16.1.0] AndroidManifest.xml:24:13-79
61            android:exported="false"
61-->[com.google.android.gms:play-services-base:16.1.0] AndroidManifest.xml:25:13-37
62            android:theme="@android:style/Theme.Translucent.NoTitleBar" />
62-->[com.google.android.gms:play-services-base:16.1.0] AndroidManifest.xml:26:13-72
63
64        <meta-data
64-->[com.google.maps.android:android-maps-utils:0.5] AndroidManifest.xml:8:9-10:69
65            android:name="com.google.android.gms.version"
65-->[com.google.maps.android:android-maps-utils:0.5] AndroidManifest.xml:9:13-58
66            android:value="@integer/google_play_services_version" />
66-->[com.google.maps.android:android-maps-utils:0.5] AndroidManifest.xml:10:13-66
67        <meta-data
67-->[com.github.bumptech.glide:okhttp3-integration:4.9.0] AndroidManifest.xml:11:9-13:43
68            android:name="com.bumptech.glide.integration.okhttp3.OkHttpGlideModule"
68-->[com.github.bumptech.glide:okhttp3-integration:4.9.0] AndroidManifest.xml:12:13-84
69            android:value="GlideModule" />
69-->[com.github.bumptech.glide:okhttp3-integration:4.9.0] AndroidManifest.xml:13:13-40
70    </application>
71
72</manifest>